[debug] [2025-01-25T16:51:37.047Z] ----------------------------------------------------------------------
[debug] [2025-01-25T16:51:37.049Z] Command:       C:\Program Files\nodejs\node.exe C:\Users\PRAGYA SWAROOP\AppData\Roaming\npm\node_modules\firebase-tools\lib\bin\firebase.js init
[debug] [2025-01-25T16:51:37.049Z] CLI Version:   13.29.2
[debug] [2025-01-25T16:51:37.049Z] Platform:      win32
[debug] [2025-01-25T16:51:37.049Z] Node Version:  v20.17.0
[debug] [2025-01-25T16:51:37.049Z] Time:          Sat Jan 25 2025 22:21:37 GMT+0530 (India Standard Time)
[debug] [2025-01-25T16:51:37.049Z] ----------------------------------------------------------------------
[debug] 
[debug] [2025-01-25T16:51:37.054Z] > command requires scopes: ["email","openid","https://www.googleapis.com/auth/cloudplatformprojects.readonly","https://www.googleapis.com/auth/firebase","https://www.googleapis.com/auth/cloud-platform"]
[debug] [2025-01-25T16:51:37.054Z] > authorizing via signed-in user (pragyaswaroop25@gmail.com)
[info] 
     ######## #### ########  ######## ########     ###     ######  ########
     ##        ##  ##     ## ##       ##     ##  ##   ##  ##       ##
     ######    ##  ########  ######   ########  #########  ######  ######
     ##        ##  ##    ##  ##       ##     ## ##     ##       ## ##
     ##       #### ##     ## ######## ########  ##     ##  ######  ########

You're about to initialize a Firebase project in this directory:

  C:\Users\PRAGYA SWAROOP\material-kit-react

[info] 
=== Project Setup
[info] 
[info] First, let's associate this project directory with a Firebase project.
[info] You can create multiple project aliases by running firebase use --add, 
[info] but for now we'll just set up a default project.
[info] 
[info] i  If you want to create a project in a Google Cloud organization or folder, please use "firebase projects:create" instead, and return to this command when you've created the project. 
[debug] [2025-01-25T16:54:01.737Z] ----------------------------------------------------------------------
[debug] [2025-01-25T16:54:01.739Z] Command:       C:\Program Files\nodejs\node.exe C:\Users\PRAGYA SWAROOP\AppData\Roaming\npm\node_modules\firebase-tools\lib\bin\firebase.js init
[debug] [2025-01-25T16:54:01.739Z] CLI Version:   13.29.2
[debug] [2025-01-25T16:54:01.739Z] Platform:      win32
[debug] [2025-01-25T16:54:01.739Z] Node Version:  v20.17.0
[debug] [2025-01-25T16:54:01.739Z] Time:          Sat Jan 25 2025 22:24:01 GMT+0530 (India Standard Time)
[debug] [2025-01-25T16:54:01.739Z] ----------------------------------------------------------------------
[debug] 
[debug] [2025-01-25T16:54:01.744Z] > command requires scopes: ["email","openid","https://www.googleapis.com/auth/cloudplatformprojects.readonly","https://www.googleapis.com/auth/firebase","https://www.googleapis.com/auth/cloud-platform"]
[debug] [2025-01-25T16:54:01.744Z] > authorizing via signed-in user (pragyaswaroop25@gmail.com)
[info] 
     ######## #### ########  ######## ########     ###     ######  ########
     ##        ##  ##     ## ##       ##     ##  ##   ##  ##       ##
     ######    ##  ########  ######   ########  #########  ######  ######
     ##        ##  ##    ##  ##       ##     ## ##     ##       ## ##
     ##       #### ##     ## ######## ########  ##     ##  ######  ########

You're about to initialize a Firebase project in this directory:

  C:\Users\PRAGYA SWAROOP\material-kit-react

[info] 
=== Project Setup
[info] 
[info] First, let's associate this project directory with a Firebase project.
[info] You can create multiple project aliases by running firebase use --add, 
[info] but for now we'll just set up a default project.
[info] 
[debug] [2025-01-25T16:54:14.934Z] Checked if tokens are valid: true, expires at: 1737826841879
[debug] [2025-01-25T16:54:14.935Z] Checked if tokens are valid: true, expires at: 1737826841879
[debug] [2025-01-25T16:54:14.938Z] >>> [apiv2][query] GET https://firebase.googleapis.com/v1beta1/projects pageSize=100
[debug] [2025-01-25T16:54:15.663Z] <<< [apiv2][status] GET https://firebase.googleapis.com/v1beta1/projects 200
[debug] [2025-01-25T16:54:15.663Z] <<< [apiv2][body] GET https://firebase.googleapis.com/v1beta1/projects [omitted]
[info] i  Using project assignment-12a2f (Assignment) 
[info] 
=== Hosting Setup
[debug] [2025-01-25T16:54:20.456Z] Checked if tokens are valid: true, expires at: 1737826841879
[debug] [2025-01-25T16:54:20.456Z] Checked if tokens are valid: true, expires at: 1737826841879
[debug] [2025-01-25T16:54:20.456Z] >>> [apiv2][query] GET https://firebase.googleapis.com/v1beta1/projects/assignment-12a2f [none]
[debug] [2025-01-25T16:54:21.052Z] <<< [apiv2][status] GET https://firebase.googleapis.com/v1beta1/projects/assignment-12a2f 200
[debug] [2025-01-25T16:54:21.052Z] <<< [apiv2][body] GET https://firebase.googleapis.com/v1beta1/projects/assignment-12a2f {"projectId":"assignment-12a2f","projectNumber":"166184875467","displayName":"Assignment","name":"projects/assignment-12a2f","resources":{"hostingSite":"assignment-12a2f"},"state":"ACTIVE","etag":"1_f8075776-31bb-44c0-92c7-ba3b0f222947"}
[info] 
[info] Your public directory is the folder (relative to your project directory) that
[info] will contain Hosting assets to be uploaded with firebase deploy. If you
[info] have a build process for your assets, use your build's output directory.
[info] 
[info] +  Wrote yes/404.html 
[debug] [2025-01-25T16:54:54.557Z] >>> [apiv2][query] GET https://www.gstatic.com/firebasejs/releases.json [none]
[debug] [2025-01-25T16:54:54.684Z] <<< [apiv2][status] GET https://www.gstatic.com/firebasejs/releases.json 200
[debug] [2025-01-25T16:54:54.684Z] <<< [apiv2][body] GET https://www.gstatic.com/firebasejs/releases.json {"current":{"version":"11.2.0","browserURL":"https://www.gstatic.com/firebasejs/11.2.0/firebase.js","packageURL":"https://www.gstatic.com/firebasejs/11.2.0/firebase.tgz"},"live":{"version":"11.2","browserURL":"https://www.gstatic.com/firebasejs/live/11.2/firebase.js","packageURL":"https://www.gstatic.com/firebasejs/live/11.2/firebase.tgz"},"components":{"analytics":"https://www.gstatic.com/firebasejs/11.2.0/firebase-analytics.js","app":"https://www.gstatic.com/firebasejs/11.2.0/firebase-app.js","app-check":"https://www.gstatic.com/firebasejs/11.2.0/firebase-app-check.js","auth":"https://www.gstatic.com/firebasejs/11.2.0/firebase-auth.js","auth/cordova":"https://www.gstatic.com/firebasejs/11.2.0/firebase-auth/cordova.js","auth/web-extension":"https://www.gstatic.com/firebasejs/11.2.0/firebase-auth/web-extension.js","functions":"https://www.gstatic.com/firebasejs/11.2.0/firebase-functions.js","firestore":"https://www.gstatic.com/firebasejs/11.2.0/firebase-firestore.js","firestore/lite":"https://www.gstatic.com/firebasejs/11.2.0/firebase-firestore/lite.js","installations":"https://www.gstatic.com/firebasejs/11.2.0/firebase-installations.js","storage":"https://www.gstatic.com/firebasejs/11.2.0/firebase-storage.js","performance":"https://www.gstatic.com/firebasejs/11.2.0/firebase-performance.js","remote-config":"https://www.gstatic.com/firebasejs/11.2.0/firebase-remote-config.js","messaging":"https://www.gstatic.com/firebasejs/11.2.0/firebase-messaging.js","messaging/sw":"https://www.gstatic.com/firebasejs/11.2.0/firebase-messaging/sw.js","database":"https://www.gstatic.com/firebasejs/11.2.0/firebase-database.js","vertexai":"https://www.gstatic.com/firebasejs/11.2.0/firebase-vertexai.js","data-connect":"https://www.gstatic.com/firebasejs/11.2.0/firebase-data-connect.js","firestore.memory":"https://www.gstatic.com/firebasejs/11.2.0/firebase-firestore.memory.js"}}
[info] +  Wrote yes/index.html 
[info] 
[info] i  Detected a .git folder at C:\Users\PRAGYA SWAROOP\material-kit-react 
[info] i  Authorizing with GitHub to upload your service account to a GitHub repository's secrets store. 
[info] 
[info] Visit this URL on this device to log in:
[info] https://github.com/login/oauth/authorize?client_id=89cf50f02ac6aaed3484&state=38037719&redirect_uri=http%3A%2F%2Flocalhost%3A9005&scope=read%3Auser%20repo%20public_repo
[info] 
[info] Waiting for authentication...
[debug] [2025-01-25T16:55:08.702Z] >>> [apiv2][query] POST https://github.com/login/oauth/access_token [none]
[debug] [2025-01-25T16:55:08.703Z] >>> [apiv2][body] POST https://github.com/login/oauth/access_token [stream]
[debug] [2025-01-25T16:55:09.179Z] <<< [apiv2][status] POST https://github.com/login/oauth/access_token 200
[debug] [2025-01-25T16:55:09.179Z] <<< [apiv2][body] POST https://github.com/login/oauth/access_token {"access_token":"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","token_type":"bearer","scope":"read:user,repo"}
[debug] [2025-01-25T16:55:09.192Z] >>> [apiv2][query] GET https://api.github.com/user [none]
[debug] [2025-01-25T16:55:09.744Z] <<< [apiv2][status] GET https://api.github.com/user 200
[debug] [2025-01-25T16:55:09.744Z] <<< [apiv2][body] GET https://api.github.com/user {"login":"pragya-25","id":173351281,"node_id":"U_kgDOClUhcQ","avatar_url":"https://avatars.githubusercontent.com/u/173351281?v=4","gravatar_id":"","url":"https://api.github.com/users/pragya-25","html_url":"https://github.com/pragya-25","followers_url":"https://api.github.com/users/pragya-25/followers","following_url":"https://api.github.com/users/pragya-25/following{/other_user}","gists_url":"https://api.github.com/users/pragya-25/gists{/gist_id}","starred_url":"https://api.github.com/users/pragya-25/starred{/owner}{/repo}","subscriptions_url":"https://api.github.com/users/pragya-25/subscriptions","organizations_url":"https://api.github.com/users/pragya-25/orgs","repos_url":"https://api.github.com/users/pragya-25/repos","events_url":"https://api.github.com/users/pragya-25/events{/privacy}","received_events_url":"https://api.github.com/users/pragya-25/received_events","type":"User","user_view_type":"private","site_admin":false,"name":null,"company":null,"blog":"","location":null,"email":null,"hireable":null,"bio":null,"twitter_username":null,"notification_email":null,"public_repos":10,"public_gists":0,"followers":1,"following":1,"created_at":"2024-06-20T08:48:16Z","updated_at":"2025-01-20T06:37:22Z","private_gists":0,"total_private_repos":0,"owned_private_repos":0,"disk_usage":48272,"collaborators":0,"two_factor_authentication":false,"plan":{"name":"free","space":976562499,"collaborators":0,"private_repos":10000}}
[info] 
[info] +  Success! Logged into GitHub as pragya-25 
[info] 
[debug] [2025-01-25T16:57:55.070Z] >>> [apiv2][query] GET https://api.github.com/repos/pragya-25/Madrock -assignment/actions/secrets/public-key type=owner
[debug] [2025-01-25T16:57:55.519Z] <<< [apiv2][status] GET https://api.github.com/repos/pragya-25/Madrock -assignment/actions/secrets/public-key 404
[debug] [2025-01-25T16:57:55.520Z] <<< [apiv2][body] GET https://api.github.com/repos/pragya-25/Madrock -assignment/actions/secrets/public-key {"message":"Not Found","documentation_url":"https://docs.github.com/rest/actions/secrets#get-a-repository-public-key","status":"404"}
[info] 
[info] 
[error] !  The provided authorization cannot be used with this repository. If this repository is in an organization, did you remember to grant access? 
[info] 
[info] i  Action required: Visit this URL to ensure access has been granted to the appropriate organization(s) for the Firebase CLI GitHub OAuth App: 
[info] https://github.com/settings/connections/applications/89cf50f02ac6aaed3484
[info] 
[debug] [2025-01-25T16:58:44.670Z] >>> [apiv2][query] GET https://api.github.com/repos/pragya-25/Madrock assignment/actions/secrets/public-key type=owner
[debug] [2025-01-25T16:58:45.076Z] <<< [apiv2][status] GET https://api.github.com/repos/pragya-25/Madrock assignment/actions/secrets/public-key 404
[debug] [2025-01-25T16:58:45.077Z] <<< [apiv2][body] GET https://api.github.com/repos/pragya-25/Madrock assignment/actions/secrets/public-key {"message":"Not Found","documentation_url":"https://docs.github.com/rest/actions/secrets#get-a-repository-public-key","status":"404"}
[info] 
[info] 
[error] !  The provided authorization cannot be used with this repository. If this repository is in an organization, did you remember to grant access? 
[info] 
[info] i  Action required: Visit this URL to ensure access has been granted to the appropriate organization(s) for the Firebase CLI GitHub OAuth App: 
[info] https://github.com/settings/connections/applications/89cf50f02ac6aaed3484
[info] 
[debug] [2025-01-25T16:59:21.456Z] >>> [apiv2][query] GET https://api.github.com/repos/pragya-25/Madrock assignment/actions/secrets/public-key type=owner
[debug] [2025-01-25T16:59:21.861Z] <<< [apiv2][status] GET https://api.github.com/repos/pragya-25/Madrock assignment/actions/secrets/public-key 404
[debug] [2025-01-25T16:59:21.861Z] <<< [apiv2][body] GET https://api.github.com/repos/pragya-25/Madrock assignment/actions/secrets/public-key {"message":"Not Found","documentation_url":"https://docs.github.com/rest/actions/secrets#get-a-repository-public-key","status":"404"}
[info] 
[info] 
[error] !  The provided authorization cannot be used with this repository. If this repository is in an organization, did you remember to grant access? 
[info] 
[info] i  Action required: Visit this URL to ensure access has been granted to the appropriate organization(s) for the Firebase CLI GitHub OAuth App: 
[info] https://github.com/settings/connections/applications/89cf50f02ac6aaed3484
[info] 
